[INFO] 2015-11-18 14:11:47,018 org.springframework.web.context.support.XmlWebApplicationContext doClose - Closing WebApplicationContext for namespace 'appServlet-servlet': startup date [Wed Nov 18 14:00:12 EET 2015]; parent: Root WebApplicationContext
[INFO] 2015-11-18 14:11:47,077 org.springframework.web.context.support.XmlWebApplicationContext doClose - Closing Root WebApplicationContext: startup date [Wed Nov 18 14:00:12 EET 2015]; root of context hierarchy
[INFO] 2015-11-18 14:11:51,776 org.springframework.web.context.ContextLoader initWebApplicationContext - Root WebApplicationContext: initialization started
[INFO] 2015-11-18 14:11:51,910 org.springframework.web.context.support.XmlWebApplicationContext prepareRefresh - Refreshing Root WebApplicationContext: startup date [Wed Nov 18 14:11:51 EET 2015]; root of context hierarchy
[INFO] 2015-11-18 14:11:51,960 org.springframework.beans.factory.xml.XmlBeanDefinitionReader loadBeanDefinitions - Loading XML bean definitions from ServletContext resource [/WEB-INF/spring/root-context.xml]
[INFO] 2015-11-18 14:11:52,068 org.springframework.web.context.ContextLoader initWebApplicationContext - Root WebApplicationContext: initialization completed in 288 ms
[INFO] 2015-11-18 14:11:52,145 org.springframework.web.servlet.DispatcherServlet initServletBean - FrameworkServlet 'appServlet': initialization started
[INFO] 2015-11-18 14:11:52,149 org.springframework.web.context.support.XmlWebApplicationContext prepareRefresh - Refreshing WebApplicationContext for namespace 'appServlet-servlet': startup date [Wed Nov 18 14:11:52 EET 2015]; parent: Root WebApplicationContext
[INFO] 2015-11-18 14:11:52,151 org.springframework.beans.factory.xml.XmlBeanDefinitionReader loadBeanDefinitions - Loading XML bean definitions from ServletContext resource [/WEB-INF/spring/appServlet/servlet-context.xml]
[INFO] 2015-11-18 14:11:52,692 org.springframework.beans.factory.annotation.AutowiredAnnotationBeanPostProcessor <init> - JSR-330 'javax.inject.Inject' annotation found and supported for autowiring
[INFO] 2015-11-18 14:11:52,983 org.springframework.web.servlet.mvc.method.annotation.RequestMappingHandlerMapping registerHandlerMethod - Mapped "{[/delite_user_tweet],methods=[GET],params=[],headers=[],consumes=[],produces=[],custom=[]}" onto public java.lang.String com.endava.twitt.AdminController.deleteMyTweet(org.springframework.ui.Model,javax.servlet.http.HttpSession,java.lang.Integer,java.lang.String,java.lang.String)
[INFO] 2015-11-18 14:11:52,984 org.springframework.web.servlet.mvc.method.annotation.RequestMappingHandlerMapping registerHandlerMethod - Mapped "{[/userstweet_admin],methods=[GET],params=[],headers=[],consumes=[],produces=[],custom=[]}" onto public org.springframework.web.servlet.ModelAndView com.endava.twitt.AdminController.viweTweetOfUser(javax.servlet.http.HttpSession,java.lang.String)
[INFO] 2015-11-18 14:11:52,985 org.springframework.web.servlet.mvc.method.annotation.RequestMappingHandlerMapping registerHandlerMethod - Mapped "{[/delite_user],methods=[GET],params=[],headers=[],consumes=[],produces=[],custom=[]}" onto public java.lang.String com.endava.twitt.AdminController.deliteUser(javax.servlet.http.HttpSession,java.lang.String)
[INFO] 2015-11-18 14:11:52,985 org.springframework.web.servlet.mvc.method.annotation.RequestMappingHandlerMapping registerHandlerMethod - Mapped "{[/admin],methods=[GET],params=[],headers=[],consumes=[],produces=[],custom=[]}" onto public java.lang.String com.endava.twitt.AdminController.admin(javax.servlet.http.HttpSession,org.springframework.ui.Model)
[INFO] 2015-11-18 14:11:52,985 org.springframework.web.servlet.mvc.method.annotation.RequestMappingHandlerMapping registerHandlerMethod - Mapped "{[/personTweetsAdmin],methods=[GET],params=[],headers=[],consumes=[],produces=[],custom=[]}" onto public java.lang.String com.endava.twitt.AdminController.personMyTweet(org.springframework.ui.Model,javax.servlet.http.HttpSession)
[INFO] 2015-11-18 14:11:52,993 org.springframework.web.servlet.mvc.method.annotation.RequestMappingHandlerMapping registerHandlerMethod - Mapped "{[/home],methods=[GET],params=[],headers=[],consumes=[],produces=[],custom=[]}" onto public java.lang.String com.endava.twitt.LoginController.home(javax.servlet.http.HttpSession,org.springframework.ui.Model)
[INFO] 2015-11-18 14:11:52,993 org.springframework.web.servlet.mvc.method.annotation.RequestMappingHandlerMapping registerHandlerMethod - Mapped "{[/logout],methods=[GET],params=[],headers=[],consumes=[],produces=[],custom=[]}" onto public java.lang.String com.endava.twitt.LoginController.logout(javax.servlet.http.HttpSession)
[INFO] 2015-11-18 14:11:52,994 org.springframework.web.servlet.mvc.method.annotation.RequestMappingHandlerMapping registerHandlerMethod - Mapped "{[/login],methods=[GET],params=[],headers=[],consumes=[],produces=[],custom=[]}" onto public java.lang.String com.endava.twitt.LoginController.loginShowForm()
[INFO] 2015-11-18 14:11:52,995 org.springframework.web.servlet.mvc.method.annotation.RequestMappingHandlerMapping registerHandlerMethod - Mapped "{[/login],methods=[POST],params=[],headers=[],consumes=[],produces=[],custom=[]}" onto public java.lang.String com.endava.twitt.LoginController.verifyLogin(java.lang.String,java.lang.String,javax.servlet.http.HttpSession,org.springframework.ui.Model)
[INFO] 2015-11-18 14:11:52,996 org.springframework.web.servlet.mvc.method.annotation.RequestMappingHandlerMapping registerHandlerMethod - Mapped "{[/loginTest],methods=[POST],params=[],headers=[],consumes=[],produces=[],custom=[]}" onto public java.lang.String com.endava.twitt.LoginController.loginTest()
[INFO] 2015-11-18 14:11:52,996 org.springframework.web.servlet.mvc.method.annotation.RequestMappingHandlerMapping registerHandlerMethod - Mapped "{[/paginateTweets],methods=[GET],params=[],headers=[],consumes=[],produces=[],custom=[]}" onto public java.lang.String com.endava.twitt.LoginController.paginating(javax.servlet.http.HttpSession,java.lang.Integer,java.lang.Integer,java.lang.String,java.lang.String,org.springframework.ui.Model)
[INFO] 2015-11-18 14:11:53,000 org.springframework.web.servlet.mvc.method.annotation.RequestMappingHandlerMapping registerHandlerMethod - Mapped "{[/personTweets],methods=[GET],params=[],headers=[],consumes=[],produces=[],custom=[]}" onto public java.lang.String com.endava.twitt.TweetsController.ListOfUsersTweets(org.springframework.ui.Model,javax.servlet.http.HttpSession)
[INFO] 2015-11-18 14:11:53,004 org.springframework.web.servlet.mvc.method.annotation.RequestMappingHandlerMapping registerHandlerMethod - Mapped "{[/deletemytweet],methods=[GET],params=[],headers=[],consumes=[],produces=[],custom=[]}" onto public java.lang.String com.endava.twitt.TweetsController.deleteMyTweet(org.springframework.ui.Model,javax.servlet.http.HttpSession,java.lang.Integer,java.lang.String,java.lang.String)
[INFO] 2015-11-18 14:11:53,005 org.springframework.web.servlet.mvc.method.annotation.RequestMappingHandlerMapping registerHandlerMethod - Mapped "{[/userstweet],methods=[GET],params=[],headers=[],consumes=[],produces=[],custom=[]}" onto public org.springframework.web.servlet.ModelAndView com.endava.twitt.TweetsController.viweTweetOfUser(javax.servlet.http.HttpSession,java.lang.String)
[INFO] 2015-11-18 14:11:53,005 org.springframework.web.servlet.mvc.method.annotation.RequestMappingHandlerMapping registerHandlerMethod - Mapped "{[/saveUpdatedTweet],methods=[POST],params=[],headers=[],consumes=[],produces=[],custom=[]}" onto public java.lang.String com.endava.twitt.TweetsController.saveEditedTweet(org.springframework.ui.Model,javax.servlet.http.HttpSession,java.lang.Integer,java.lang.String,java.lang.String)
[INFO] 2015-11-18 14:11:53,006 org.springframework.web.servlet.mvc.method.annotation.RequestMappingHandlerMapping registerHandlerMethod - Mapped "{[/tweets],methods=[POST],params=[],headers=[],consumes=[],produces=[],custom=[]}" onto public java.lang.String com.endava.twitt.TweetsController.addTweet(java.lang.String,java.lang.String,javax.servlet.http.HttpSession,org.springframework.ui.Model)
[INFO] 2015-11-18 14:11:53,006 org.springframework.web.servlet.mvc.method.annotation.RequestMappingHandlerMapping registerHandlerMethod - Mapped "{[/paginateTweetsUser],methods=[GET],params=[],headers=[],consumes=[],produces=[],custom=[]}" onto public java.lang.String com.endava.twitt.TweetsController.paginating(javax.servlet.http.HttpSession,java.lang.Integer,java.lang.Integer,java.lang.String,java.lang.String,org.springframework.ui.Model)
[INFO] 2015-11-18 14:11:53,007 org.springframework.web.servlet.mvc.method.annotation.RequestMappingHandlerMapping registerHandlerMethod - Mapped "{[/editmytweet],methods=[GET],params=[],headers=[],consumes=[],produces=[],custom=[]}" onto public java.lang.String com.endava.twitt.TweetsController.editTweet(org.springframework.ui.Model,javax.servlet.http.HttpSession,java.lang.String,java.lang.Integer)
[INFO] 2015-11-18 14:11:53,008 org.springframework.web.servlet.mvc.method.annotation.RequestMappingHandlerMapping registerHandlerMethod - Mapped "{[/tweetsviwe],methods=[GET],params=[],headers=[],consumes=[],produces=[],custom=[]}" onto public java.lang.String com.endava.twitt.TweetsController.viweTweet(javax.servlet.http.HttpSession,org.springframework.ui.Model)
[INFO] 2015-11-18 14:11:53,016 org.springframework.web.servlet.mvc.method.annotation.RequestMappingHandlerMapping registerHandlerMethod - Mapped "{[/changeProfile],methods=[],params=[],headers=[],consumes=[],produces=[],custom=[]}" onto public java.lang.String com.endava.twitt.UserController.changeUserProfile(com.endava.twitt.models.User,org.springframework.validation.BindingResult,javax.servlet.http.HttpSession,org.springframework.ui.Model)
[INFO] 2015-11-18 14:11:53,017 org.springframework.web.servlet.mvc.method.annotation.RequestMappingHandlerMapping registerHandlerMethod - Mapped "{[/delete],methods=[],params=[],headers=[],consumes=[],produces=[],custom=[]}" onto public java.lang.String com.endava.twitt.UserController.deleteUser(java.lang.String,javax.servlet.http.HttpSession)
[INFO] 2015-11-18 14:11:53,017 org.springframework.web.servlet.mvc.method.annotation.RequestMappingHandlerMapping registerHandlerMethod - Mapped "{[/editUserProfile],methods=[],params=[],headers=[],consumes=[],produces=[],custom=[]}" onto public java.lang.String com.endava.twitt.UserController.editUserProfile(java.lang.String,javax.servlet.http.HttpSession)
[INFO] 2015-11-18 14:11:53,018 org.springframework.web.servlet.mvc.method.annotation.RequestMappingHandlerMapping registerHandlerMethod - Mapped "{[/deletefollowed],methods=[GET],params=[],headers=[],consumes=[],produces=[],custom=[]}" onto public java.lang.String com.endava.twitt.UserController.deletefollowed(org.springframework.ui.Model,javax.servlet.http.HttpSession,java.lang.Integer,java.lang.String,java.lang.String)
[INFO] 2015-11-18 14:11:53,018 org.springframework.web.servlet.mvc.method.annotation.RequestMappingHandlerMapping registerHandlerMethod - Mapped "{[/followedusers],methods=[GET],params=[],headers=[],consumes=[],produces=[],custom=[]}" onto public java.lang.String com.endava.twitt.UserController.viewFollowees(javax.servlet.http.HttpSession,org.springframework.ui.Model)
[INFO] 2015-11-18 14:11:53,018 org.springframework.web.servlet.mvc.method.annotation.RequestMappingHandlerMapping registerHandlerMethod - Mapped "{[/signup],methods=[POST],params=[],headers=[],consumes=[],produces=[],custom=[]}" onto public java.lang.String com.endava.twitt.UserController.addUser(com.endava.twitt.models.User,org.springframework.validation.BindingResult,org.springframework.ui.Model)
[INFO] 2015-11-18 14:11:53,019 org.springframework.web.servlet.mvc.method.annotation.RequestMappingHandlerMapping registerHandlerMethod - Mapped "{[/users],methods=[GET],params=[],headers=[],consumes=[],produces=[],custom=[]}" onto public java.lang.String com.endava.twitt.UserController.listUsers(javax.servlet.http.HttpSession,org.springframework.ui.Model)
[INFO] 2015-11-18 14:11:53,020 org.springframework.web.servlet.mvc.method.annotation.RequestMappingHandlerMapping registerHandlerMethod - Mapped "{[/follow],methods=[],params=[],headers=[],consumes=[],produces=[],custom=[]}" onto public java.lang.String com.endava.twitt.UserController.followUser(java.lang.String,java.lang.String,javax.servlet.http.HttpSession,org.springframework.ui.Model)
[INFO] 2015-11-18 14:11:53,021 org.springframework.web.servlet.mvc.method.annotation.RequestMappingHandlerMapping registerHandlerMethod - Mapped "{[/],methods=[GET],params=[],headers=[],consumes=[],produces=[],custom=[]}" onto public java.lang.String com.endava.twitt.WebController.index(javax.servlet.http.HttpSession)
[INFO] 2015-11-18 14:11:53,022 org.springframework.web.servlet.mvc.method.annotation.RequestMappingHandlerMapping registerHandlerMethod - Mapped "{[/error_page],methods=[POST],params=[],headers=[],consumes=[],produces=[],custom=[]}" onto public java.lang.String com.endava.twitt.WebController.errorPagePost(javax.servlet.http.HttpSession)
[INFO] 2015-11-18 14:11:53,022 org.springframework.web.servlet.mvc.method.annotation.RequestMappingHandlerMapping registerHandlerMethod - Mapped "{[/restUsers],methods=[GET],params=[],headers=[],consumes=[],produces=[],custom=[]}" onto public java.lang.String com.endava.twitt.WebController.createRestUser()
[INFO] 2015-11-18 14:11:53,022 org.springframework.web.servlet.mvc.method.annotation.RequestMappingHandlerMapping registerHandlerMethod - Mapped "{[/error_page],methods=[GET],params=[],headers=[],consumes=[],produces=[],custom=[]}" onto public java.lang.String com.endava.twitt.WebController.errorPageGet(javax.servlet.http.HttpSession)
[INFO] 2015-11-18 14:11:53,028 org.springframework.web.servlet.mvc.method.annotation.RequestMappingHandlerMapping registerHandlerMethod - Mapped "{[/userapi/create],methods=[POST],params=[],headers=[],consumes=[],produces=[],custom=[]}" onto public org.springframework.http.ResponseEntity<java.lang.Void> RestWebServices.UserRestController.createUsers(com.endava.twitt.models.User,org.springframework.validation.BindingResult,org.springframework.web.util.UriComponentsBuilder)
[INFO] 2015-11-18 14:11:53,029 org.springframework.web.servlet.mvc.method.annotation.RequestMappingHandlerMapping registerHandlerMethod - Mapped "{[/userapi],methods=[GET],params=[],headers=[],consumes=[],produces=[],custom=[]}" onto public org.springframework.http.ResponseEntity<java.util.List<com.endava.twitt.models.User>> RestWebServices.UserRestController.listAllUsers()
[INFO] 2015-11-18 14:11:53,030 org.springframework.web.servlet.mvc.method.annotation.RequestMappingHandlerMapping registerHandlerMethod - Mapped "{[/userapi],methods=[POST],params=[],headers=[],consumes=[],produces=[],custom=[]}" onto public org.springframework.http.ResponseEntity<com.endava.twitt.models.User> RestWebServices.UserRestController.updateUsers(java.lang.Integer,java.lang.String,java.lang.String,java.lang.String,java.lang.String,java.lang.String)
[INFO] 2015-11-18 14:11:53,030 org.springframework.web.servlet.mvc.method.annotation.RequestMappingHandlerMapping registerHandlerMethod - Mapped "{[/userapi],methods=[DELETE],params=[],headers=[],consumes=[],produces=[],custom=[]}" onto public org.springframework.http.ResponseEntity<com.endava.twitt.models.User> RestWebServices.UserRestController.deleteUsers(java.lang.Integer,java.lang.String,java.lang.String,java.lang.String,java.lang.String,java.lang.String)
[INFO] 2015-11-18 14:11:53,031 org.springframework.web.servlet.mvc.method.annotation.RequestMappingHandlerMapping registerHandlerMethod - Mapped "{[/userapi/{id}],methods=[GET],params=[],headers=[],consumes=[],produces=[],custom=[]}" onto public org.springframework.http.ResponseEntity<com.endava.twitt.models.User> RestWebServices.UserRestController.listUsers(java.lang.Integer)
[INFO] 2015-11-18 14:11:53,101 org.hibernate.validator.internal.util.Version <clinit> - HV000001: Hibernate Validator 4.3.2.Final
[INFO] 2015-11-18 14:11:53,860 org.springframework.web.servlet.handler.SimpleUrlHandlerMapping registerHandler - Mapped URL path [/resources/**] onto handler 'org.springframework.web.servlet.resource.ResourceHttpRequestHandler#0'
[INFO] 2015-11-18 14:11:53,912 org.springframework.jdbc.datasource.DriverManagerDataSource setDriverClassName - Loaded JDBC driver: com.mysql.jdbc.Driver
[INFO] 2015-11-18 14:11:54,127 org.hibernate.annotations.common.Version <clinit> - HCANN000001: Hibernate Commons Annotations {4.0.4.Final}
[INFO] 2015-11-18 14:11:54,138 org.hibernate.Version logVersion - HHH000412: Hibernate Core {4.3.11.Final}
[INFO] 2015-11-18 14:11:54,142 org.hibernate.cfg.Environment <clinit> - HHH000206: hibernate.properties not found
[INFO] 2015-11-18 14:11:54,144 org.hibernate.cfg.Environment buildBytecodeProvider - HHH000021: Bytecode provider name : javassist
[INFO] 2015-11-18 14:11:54,898 org.hibernate.dialect.Dialect <init> - HHH000400: Using dialect: org.hibernate.dialect.MySQLDialect
[INFO] 2015-11-18 14:11:54,915 org.hibernate.engine.jdbc.internal.LobCreatorBuilder useContextualLobCreation - HHH000423: Disabling contextual LOB creation as JDBC driver reported JDBC version [3] less than 4
[INFO] 2015-11-18 14:11:55,231 org.hibernate.engine.transaction.internal.TransactionFactoryInitiator initiateService - HHH000399: Using default transaction strategy (direct JDBC transactions)
[INFO] 2015-11-18 14:11:55,244 org.hibernate.hql.internal.ast.ASTQueryTranslatorFactory <init> - HHH000397: Using ASTQueryTranslatorFactory
[INFO] 2015-11-18 14:11:56,131 com.endava.twitt.models.TestConnectionToDB <init> - Successful Connection to Database with name Test.
[INFO] 2015-11-18 14:11:56,169 org.springframework.orm.hibernate4.HibernateTransactionManager afterPropertiesSet - Using DataSource [org.springframework.jdbc.datasource.DriverManagerDataSource@20c61e12] of Hibernate SessionFactory for HibernateTransactionManager
[INFO] 2015-11-18 14:11:56,195 org.springframework.web.servlet.DispatcherServlet initServletBean - FrameworkServlet 'appServlet': initialization completed in 4050 ms
[INFO] 2015-11-18 14:12:03,046 com.endava.twitt.WebController index - Session false redirecting to login URL WebController class.
[INFO] 2015-11-18 14:12:43,469 org.springframework.web.context.support.XmlWebApplicationContext doClose - Closing WebApplicationContext for namespace 'appServlet-servlet': startup date [Wed Nov 18 14:11:52 EET 2015]; parent: Root WebApplicationContext
[INFO] 2015-11-18 14:12:43,492 org.springframework.web.context.support.XmlWebApplicationContext doClose - Closing Root WebApplicationContext: startup date [Wed Nov 18 14:11:51 EET 2015]; root of context hierarchy
[INFO] 2015-11-18 14:12:46,453 org.springframework.web.context.ContextLoader initWebApplicationContext - Root WebApplicationContext: initialization started
[INFO] 2015-11-18 14:12:46,571 org.springframework.web.context.support.XmlWebApplicationContext prepareRefresh - Refreshing Root WebApplicationContext: startup date [Wed Nov 18 14:12:46 EET 2015]; root of context hierarchy
[INFO] 2015-11-18 14:12:46,618 org.springframework.beans.factory.xml.XmlBeanDefinitionReader loadBeanDefinitions - Loading XML bean definitions from ServletContext resource [/WEB-INF/spring/root-context.xml]
[INFO] 2015-11-18 14:12:46,684 org.springframework.web.context.ContextLoader initWebApplicationContext - Root WebApplicationContext: initialization completed in 228 ms
[INFO] 2015-11-18 14:12:46,732 org.springframework.web.servlet.DispatcherServlet initServletBean - FrameworkServlet 'appServlet': initialization started
[INFO] 2015-11-18 14:12:46,736 org.springframework.web.context.support.XmlWebApplicationContext prepareRefresh - Refreshing WebApplicationContext for namespace 'appServlet-servlet': startup date [Wed Nov 18 14:12:46 EET 2015]; parent: Root WebApplicationContext
[INFO] 2015-11-18 14:12:46,737 org.springframework.beans.factory.xml.XmlBeanDefinitionReader loadBeanDefinitions - Loading XML bean definitions from ServletContext resource [/WEB-INF/spring/appServlet/servlet-context.xml]
[INFO] 2015-11-18 14:12:47,159 org.springframework.beans.factory.annotation.AutowiredAnnotationBeanPostProcessor <init> - JSR-330 'javax.inject.Inject' annotation found and supported for autowiring
[INFO] 2015-11-18 14:12:47,420 org.springframework.web.servlet.mvc.method.annotation.RequestMappingHandlerMapping registerHandlerMethod - Mapped "{[/delite_user_tweet],methods=[GET],params=[],headers=[],consumes=[],produces=[],custom=[]}" onto public java.lang.String com.endava.twitt.AdminController.deleteMyTweet(org.springframework.ui.Model,javax.servlet.http.HttpSession,java.lang.Integer,java.lang.String,java.lang.String)
[INFO] 2015-11-18 14:12:47,420 org.springframework.web.servlet.mvc.method.annotation.RequestMappingHandlerMapping registerHandlerMethod - Mapped "{[/userstweet_admin],methods=[GET],params=[],headers=[],consumes=[],produces=[],custom=[]}" onto public org.springframework.web.servlet.ModelAndView com.endava.twitt.AdminController.viweTweetOfUser(javax.servlet.http.HttpSession,java.lang.String)
[INFO] 2015-11-18 14:12:47,420 org.springframework.web.servlet.mvc.method.annotation.RequestMappingHandlerMapping registerHandlerMethod - Mapped "{[/delite_user],methods=[GET],params=[],headers=[],consumes=[],produces=[],custom=[]}" onto public java.lang.String com.endava.twitt.AdminController.deliteUser(javax.servlet.http.HttpSession,java.lang.String)
[INFO] 2015-11-18 14:12:47,421 org.springframework.web.servlet.mvc.method.annotation.RequestMappingHandlerMapping registerHandlerMethod - Mapped "{[/admin],methods=[GET],params=[],headers=[],consumes=[],produces=[],custom=[]}" onto public java.lang.String com.endava.twitt.AdminController.admin(javax.servlet.http.HttpSession,org.springframework.ui.Model)
[INFO] 2015-11-18 14:12:47,421 org.springframework.web.servlet.mvc.method.annotation.RequestMappingHandlerMapping registerHandlerMethod - Mapped "{[/personTweetsAdmin],methods=[GET],params=[],headers=[],consumes=[],produces=[],custom=[]}" onto public java.lang.String com.endava.twitt.AdminController.personMyTweet(org.springframework.ui.Model,javax.servlet.http.HttpSession)
[INFO] 2015-11-18 14:12:47,423 org.springframework.web.servlet.mvc.method.annotation.RequestMappingHandlerMapping registerHandlerMethod - Mapped "{[/home],methods=[GET],params=[],headers=[],consumes=[],produces=[],custom=[]}" onto public java.lang.String com.endava.twitt.LoginController.home(javax.servlet.http.HttpSession,org.springframework.ui.Model)
[INFO] 2015-11-18 14:12:47,424 org.springframework.web.servlet.mvc.method.annotation.RequestMappingHandlerMapping registerHandlerMethod - Mapped "{[/logout],methods=[GET],params=[],headers=[],consumes=[],produces=[],custom=[]}" onto public java.lang.String com.endava.twitt.LoginController.logout(javax.servlet.http.HttpSession)
[INFO] 2015-11-18 14:12:47,424 org.springframework.web.servlet.mvc.method.annotation.RequestMappingHandlerMapping registerHandlerMethod - Mapped "{[/login],methods=[GET],params=[],headers=[],consumes=[],produces=[],custom=[]}" onto public java.lang.String com.endava.twitt.LoginController.loginShowForm()
[INFO] 2015-11-18 14:12:47,424 org.springframework.web.servlet.mvc.method.annotation.RequestMappingHandlerMapping registerHandlerMethod - Mapped "{[/login],methods=[POST],params=[],headers=[],consumes=[],produces=[],custom=[]}" onto public java.lang.String com.endava.twitt.LoginController.verifyLogin(java.lang.String,java.lang.String,javax.servlet.http.HttpSession,org.springframework.ui.Model)
[INFO] 2015-11-18 14:12:47,425 org.springframework.web.servlet.mvc.method.annotation.RequestMappingHandlerMapping registerHandlerMethod - Mapped "{[/loginTest],methods=[POST],params=[],headers=[],consumes=[],produces=[],custom=[]}" onto public java.lang.String com.endava.twitt.LoginController.loginTest()
[INFO] 2015-11-18 14:12:47,425 org.springframework.web.servlet.mvc.method.annotation.RequestMappingHandlerMapping registerHandlerMethod - Mapped "{[/paginateTweets],methods=[GET],params=[],headers=[],consumes=[],produces=[],custom=[]}" onto public java.lang.String com.endava.twitt.LoginController.paginating(javax.servlet.http.HttpSession,java.lang.Integer,java.lang.Integer,java.lang.String,java.lang.String,org.springframework.ui.Model)
[INFO] 2015-11-18 14:12:47,428 org.springframework.web.servlet.mvc.method.annotation.RequestMappingHandlerMapping registerHandlerMethod - Mapped "{[/personTweets],methods=[GET],params=[],headers=[],consumes=[],produces=[],custom=[]}" onto public java.lang.String com.endava.twitt.TweetsController.ListOfUsersTweets(org.springframework.ui.Model,javax.servlet.http.HttpSession)
[INFO] 2015-11-18 14:12:47,428 org.springframework.web.servlet.mvc.method.annotation.RequestMappingHandlerMapping registerHandlerMethod - Mapped "{[/deletemytweet],methods=[GET],params=[],headers=[],consumes=[],produces=[],custom=[]}" onto public java.lang.String com.endava.twitt.TweetsController.deleteMyTweet(org.springframework.ui.Model,javax.servlet.http.HttpSession,java.lang.Integer,java.lang.String,java.lang.String)
[INFO] 2015-11-18 14:12:47,428 org.springframework.web.servlet.mvc.method.annotation.RequestMappingHandlerMapping registerHandlerMethod - Mapped "{[/userstweet],methods=[GET],params=[],headers=[],consumes=[],produces=[],custom=[]}" onto public org.springframework.web.servlet.ModelAndView com.endava.twitt.TweetsController.viweTweetOfUser(javax.servlet.http.HttpSession,java.lang.String)
[INFO] 2015-11-18 14:12:47,429 org.springframework.web.servlet.mvc.method.annotation.RequestMappingHandlerMapping registerHandlerMethod - Mapped "{[/saveUpdatedTweet],methods=[POST],params=[],headers=[],consumes=[],produces=[],custom=[]}" onto public java.lang.String com.endava.twitt.TweetsController.saveEditedTweet(org.springframework.ui.Model,javax.servlet.http.HttpSession,java.lang.Integer,java.lang.String,java.lang.String)
[INFO] 2015-11-18 14:12:47,429 org.springframework.web.servlet.mvc.method.annotation.RequestMappingHandlerMapping registerHandlerMethod - Mapped "{[/tweets],methods=[POST],params=[],headers=[],consumes=[],produces=[],custom=[]}" onto public java.lang.String com.endava.twitt.TweetsController.addTweet(java.lang.String,java.lang.String,javax.servlet.http.HttpSession,org.springframework.ui.Model)
[INFO] 2015-11-18 14:12:47,430 org.springframework.web.servlet.mvc.method.annotation.RequestMappingHandlerMapping registerHandlerMethod - Mapped "{[/paginateTweetsUser],methods=[GET],params=[],headers=[],consumes=[],produces=[],custom=[]}" onto public java.lang.String com.endava.twitt.TweetsController.paginating(javax.servlet.http.HttpSession,java.lang.Integer,java.lang.Integer,java.lang.String,java.lang.String,org.springframework.ui.Model)
[INFO] 2015-11-18 14:12:47,430 org.springframework.web.servlet.mvc.method.annotation.RequestMappingHandlerMapping registerHandlerMethod - Mapped "{[/editmytweet],methods=[GET],params=[],headers=[],consumes=[],produces=[],custom=[]}" onto public java.lang.String com.endava.twitt.TweetsController.editTweet(org.springframework.ui.Model,javax.servlet.http.HttpSession,java.lang.String,java.lang.Integer)
[INFO] 2015-11-18 14:12:47,430 org.springframework.web.servlet.mvc.method.annotation.RequestMappingHandlerMapping registerHandlerMethod - Mapped "{[/tweetsviwe],methods=[GET],params=[],headers=[],consumes=[],produces=[],custom=[]}" onto public java.lang.String com.endava.twitt.TweetsController.viweTweet(javax.servlet.http.HttpSession,org.springframework.ui.Model)
[INFO] 2015-11-18 14:12:47,432 org.springframework.web.servlet.mvc.method.annotation.RequestMappingHandlerMapping registerHandlerMethod - Mapped "{[/changeProfile],methods=[],params=[],headers=[],consumes=[],produces=[],custom=[]}" onto public java.lang.String com.endava.twitt.UserController.changeUserProfile(com.endava.twitt.models.User,org.springframework.validation.BindingResult,javax.servlet.http.HttpSession,org.springframework.ui.Model)
[INFO] 2015-11-18 14:12:47,433 org.springframework.web.servlet.mvc.method.annotation.RequestMappingHandlerMapping registerHandlerMethod - Mapped "{[/delete],methods=[],params=[],headers=[],consumes=[],produces=[],custom=[]}" onto public java.lang.String com.endava.twitt.UserController.deleteUser(java.lang.String,javax.servlet.http.HttpSession)
[INFO] 2015-11-18 14:12:47,433 org.springframework.web.servlet.mvc.method.annotation.RequestMappingHandlerMapping registerHandlerMethod - Mapped "{[/editUserProfile],methods=[],params=[],headers=[],consumes=[],produces=[],custom=[]}" onto public java.lang.String com.endava.twitt.UserController.editUserProfile(java.lang.String,javax.servlet.http.HttpSession)
[INFO] 2015-11-18 14:12:47,433 org.springframework.web.servlet.mvc.method.annotation.RequestMappingHandlerMapping registerHandlerMethod - Mapped "{[/deletefollowed],methods=[GET],params=[],headers=[],consumes=[],produces=[],custom=[]}" onto public java.lang.String com.endava.twitt.UserController.deletefollowed(org.springframework.ui.Model,javax.servlet.http.HttpSession,java.lang.Integer,java.lang.String,java.lang.String)
[INFO] 2015-11-18 14:12:47,434 org.springframework.web.servlet.mvc.method.annotation.RequestMappingHandlerMapping registerHandlerMethod - Mapped "{[/followedusers],methods=[GET],params=[],headers=[],consumes=[],produces=[],custom=[]}" onto public java.lang.String com.endava.twitt.UserController.viewFollowees(javax.servlet.http.HttpSession,org.springframework.ui.Model)
[INFO] 2015-11-18 14:12:47,434 org.springframework.web.servlet.mvc.method.annotation.RequestMappingHandlerMapping registerHandlerMethod - Mapped "{[/signup],methods=[POST],params=[],headers=[],consumes=[],produces=[],custom=[]}" onto public java.lang.String com.endava.twitt.UserController.addUser(com.endava.twitt.models.User,org.springframework.validation.BindingResult,org.springframework.ui.Model)
[INFO] 2015-11-18 14:12:47,434 org.springframework.web.servlet.mvc.method.annotation.RequestMappingHandlerMapping registerHandlerMethod - Mapped "{[/users],methods=[GET],params=[],headers=[],consumes=[],produces=[],custom=[]}" onto public java.lang.String com.endava.twitt.UserController.listUsers(javax.servlet.http.HttpSession,org.springframework.ui.Model)
[INFO] 2015-11-18 14:12:47,434 org.springframework.web.servlet.mvc.method.annotation.RequestMappingHandlerMapping registerHandlerMethod - Mapped "{[/follow],methods=[],params=[],headers=[],consumes=[],produces=[],custom=[]}" onto public java.lang.String com.endava.twitt.UserController.followUser(java.lang.String,java.lang.String,javax.servlet.http.HttpSession,org.springframework.ui.Model)
[INFO] 2015-11-18 14:12:47,435 org.springframework.web.servlet.mvc.method.annotation.RequestMappingHandlerMapping registerHandlerMethod - Mapped "{[/],methods=[GET],params=[],headers=[],consumes=[],produces=[],custom=[]}" onto public java.lang.String com.endava.twitt.WebController.index(javax.servlet.http.HttpSession)
[INFO] 2015-11-18 14:12:47,435 org.springframework.web.servlet.mvc.method.annotation.RequestMappingHandlerMapping registerHandlerMethod - Mapped "{[/error_page],methods=[POST],params=[],headers=[],consumes=[],produces=[],custom=[]}" onto public java.lang.String com.endava.twitt.WebController.errorPagePost(javax.servlet.http.HttpSession)
[INFO] 2015-11-18 14:12:47,436 org.springframework.web.servlet.mvc.method.annotation.RequestMappingHandlerMapping registerHandlerMethod - Mapped "{[/restUsers],methods=[GET],params=[],headers=[],consumes=[],produces=[],custom=[]}" onto public java.lang.String com.endava.twitt.WebController.createRestUser()
[INFO] 2015-11-18 14:12:47,436 org.springframework.web.servlet.mvc.method.annotation.RequestMappingHandlerMapping registerHandlerMethod - Mapped "{[/error_page],methods=[GET],params=[],headers=[],consumes=[],produces=[],custom=[]}" onto public java.lang.String com.endava.twitt.WebController.errorPageGet(javax.servlet.http.HttpSession)
[INFO] 2015-11-18 14:12:47,440 org.springframework.web.servlet.mvc.method.annotation.RequestMappingHandlerMapping registerHandlerMethod - Mapped "{[/userapi/create],methods=[POST],params=[],headers=[],consumes=[],produces=[],custom=[]}" onto public org.springframework.http.ResponseEntity<java.lang.Void> RestWebServices.UserRestController.createUsers(com.endava.twitt.models.User,org.springframework.validation.BindingResult,org.springframework.web.util.UriComponentsBuilder)
[INFO] 2015-11-18 14:12:47,441 org.springframework.web.servlet.mvc.method.annotation.RequestMappingHandlerMapping registerHandlerMethod - Mapped "{[/userapi],methods=[GET],params=[],headers=[],consumes=[],produces=[],custom=[]}" onto public org.springframework.http.ResponseEntity<java.util.List<com.endava.twitt.models.User>> RestWebServices.UserRestController.listAllUsers()
[INFO] 2015-11-18 14:12:47,441 org.springframework.web.servlet.mvc.method.annotation.RequestMappingHandlerMapping registerHandlerMethod - Mapped "{[/userapi],methods=[POST],params=[],headers=[],consumes=[],produces=[],custom=[]}" onto public org.springframework.http.ResponseEntity<com.endava.twitt.models.User> RestWebServices.UserRestController.updateUsers(java.lang.Integer,java.lang.String,java.lang.String,java.lang.String,java.lang.String,java.lang.String)
[INFO] 2015-11-18 14:12:47,441 org.springframework.web.servlet.mvc.method.annotation.RequestMappingHandlerMapping registerHandlerMethod - Mapped "{[/userapi],methods=[DELETE],params=[],headers=[],consumes=[],produces=[],custom=[]}" onto public org.springframework.http.ResponseEntity<com.endava.twitt.models.User> RestWebServices.UserRestController.deleteUsers(java.lang.Integer,java.lang.String,java.lang.String,java.lang.String,java.lang.String,java.lang.String)
[INFO] 2015-11-18 14:12:47,441 org.springframework.web.servlet.mvc.method.annotation.RequestMappingHandlerMapping registerHandlerMethod - Mapped "{[/userapi/{id}],methods=[GET],params=[],headers=[],consumes=[],produces=[],custom=[]}" onto public org.springframework.http.ResponseEntity<com.endava.twitt.models.User> RestWebServices.UserRestController.listUsers(java.lang.Integer)
[INFO] 2015-11-18 14:12:47,512 org.hibernate.validator.internal.util.Version <clinit> - HV000001: Hibernate Validator 4.3.2.Final
[INFO] 2015-11-18 14:12:48,391 org.springframework.web.servlet.handler.SimpleUrlHandlerMapping registerHandler - Mapped URL path [/resources/**] onto handler 'org.springframework.web.servlet.resource.ResourceHttpRequestHandler#0'
[ERROR] 2015-11-18 14:12:48,508 org.springframework.web.servlet.DispatcherServlet initServletBean - Context initialization failed
org.springframework.beans.factory.BeanCreationException: Error creating bean with name 'adminController' defined in file [C:\Users\rion\workspace\.metadata\.plugins\org.eclipse.wst.server.core\tmp3\wtpwebapps\TwitterEndavaProject\WEB-INF\classes\com\endava\twitt\AdminController.class]: Instantiation of bean failed; nested exception is org.springframework.beans.BeanInstantiationException: Failed to instantiate [com.endava.twitt.AdminController]: Constructor threw exception; nested exception is java.lang.Error: Unresolved compilation problems: 
	The import com.endava.twitt.models.Tweets cannot be resolved
	Tweets cannot be resolved to a type
	Tweets cannot be resolved to a type
	Tweets cannot be resolved to a type
	Tweets cannot be resolved to a type
	Tweets cannot be resolved to a type
	Tweets cannot be resolved to a type
	Tweets cannot be resolved to a type

	at org.springframework.beans.factory.support.AbstractAutowireCapableBeanFactory.instantiateBean(AbstractAutowireCapableBeanFactory.java:1101)
	at org.springframework.beans.factory.support.AbstractAutowireCapableBeanFactory.createBeanInstance(AbstractAutowireCapableBeanFactory.java:1046)
	at org.springframework.beans.factory.support.AbstractAutowireCapableBeanFactory.doCreateBean(AbstractAutowireCapableBeanFactory.java:504)
	at org.springframework.beans.factory.support.AbstractAutowireCapableBeanFactory.createBean(AbstractAutowireCapableBeanFactory.java:476)
	at org.springframework.beans.factory.support.AbstractBeanFactory$1.getObject(AbstractBeanFactory.java:303)
	at org.springframework.beans.factory.support.DefaultSingletonBeanRegistry.getSingleton(DefaultSingletonBeanRegistry.java:230)
	at org.springframework.beans.factory.support.AbstractBeanFactory.doGetBean(AbstractBeanFactory.java:299)
	at org.springframework.beans.factory.support.AbstractBeanFactory.getBean(AbstractBeanFactory.java:194)
	at org.springframework.beans.factory.support.DefaultListableBeanFactory.preInstantiateSingletons(DefaultListableBeanFactory.java:755)
	at org.springframework.context.support.AbstractApplicationContext.finishBeanFactoryInitialization(AbstractApplicationContext.java:760)
	at org.springframework.context.support.AbstractApplicationContext.refresh(AbstractApplicationContext.java:482)
	at org.springframework.web.servlet.FrameworkServlet.configureAndRefreshWebApplicationContext(FrameworkServlet.java:658)
	at org.springframework.web.servlet.FrameworkServlet.createWebApplicationContext(FrameworkServlet.java:624)
	at org.springframework.web.servlet.FrameworkServlet.createWebApplicationContext(FrameworkServlet.java:672)
	at org.springframework.web.servlet.FrameworkServlet.initWebApplicationContext(FrameworkServlet.java:543)
	at org.springframework.web.servlet.FrameworkServlet.initServletBean(FrameworkServlet.java:484)
	at org.springframework.web.servlet.HttpServletBean.init(HttpServletBean.java:136)
	at javax.servlet.GenericServlet.init(GenericServlet.java:158)
	at org.apache.catalina.core.StandardWrapper.initServlet(StandardWrapper.java:1231)
	at org.apache.catalina.core.StandardWrapper.loadServlet(StandardWrapper.java:1144)
	at org.apache.catalina.core.StandardWrapper.load(StandardWrapper.java:1031)
	at org.apache.catalina.core.StandardContext.loadOnStartup(StandardContext.java:4914)
	at org.apache.catalina.core.StandardContext.startInternal(StandardContext.java:5201)
	at org.apache.catalina.util.LifecycleBase.start(LifecycleBase.java:150)
	at org.apache.catalina.core.StandardContext.reload(StandardContext.java:3746)
	at org.apache.catalina.loader.WebappLoader.backgroundProcess(WebappLoader.java:292)
	at org.apache.catalina.core.StandardContext.backgroundProcess(StandardContext.java:5528)
	at org.apache.catalina.core.ContainerBase$ContainerBackgroundProcessor.processChildren(ContainerBase.java:1377)
	at org.apache.catalina.core.ContainerBase$ContainerBackgroundProcessor.processChildren(ContainerBase.java:1381)
	at org.apache.catalina.core.ContainerBase$ContainerBackgroundProcessor.processChildren(ContainerBase.java:1381)
	at org.apache.catalina.core.ContainerBase$ContainerBackgroundProcessor.run(ContainerBase.java:1349)
	at java.lang.Thread.run(Thread.java:745)
Caused by: org.springframework.beans.BeanInstantiationException: Failed to instantiate [com.endava.twitt.AdminController]: Constructor threw exception; nested exception is java.lang.Error: Unresolved compilation problems: 
	The import com.endava.twitt.models.Tweets cannot be resolved
	Tweets cannot be resolved to a type
	Tweets cannot be resolved to a type
	Tweets cannot be resolved to a type
	Tweets cannot be resolved to a type
	Tweets cannot be resolved to a type
	Tweets cannot be resolved to a type
	Tweets cannot be resolved to a type

	at org.springframework.beans.BeanUtils.instantiateClass(BeanUtils.java:163)
	at org.springframework.beans.factory.support.SimpleInstantiationStrategy.instantiate(SimpleInstantiationStrategy.java:89)
	at org.springframework.beans.factory.support.AbstractAutowireCapableBeanFactory.instantiateBean(AbstractAutowireCapableBeanFactory.java:1094)
	... 31 more
Caused by: java.lang.Error: Unresolved compilation problems: 
	The import com.endava.twitt.models.Tweets cannot be resolved
	Tweets cannot be resolved to a type
	Tweets cannot be resolved to a type
	Tweets cannot be resolved to a type
	Tweets cannot be resolved to a type
	Tweets cannot be resolved to a type
	Tweets cannot be resolved to a type
	Tweets cannot be resolved to a type

	at com.endava.twitt.AdminController.<init>(AdminController.java:21)
	at sun.reflect.NativeConstructorAccessorImpl.newInstance0(Native Method)
	at sun.reflect.NativeConstructorAccessorImpl.newInstance(NativeConstructorAccessorImpl.java:62)
	at sun.reflect.DelegatingConstructorAccessorImpl.newInstance(DelegatingConstructorAccessorImpl.java:45)
	at java.lang.reflect.Constructor.newInstance(Constructor.java:422)
	at org.springframework.beans.BeanUtils.instantiateClass(BeanUtils.java:147)
	... 33 more
[INFO] 2015-11-18 14:14:57,124 org.springframework.web.context.support.XmlWebApplicationContext doClose - Closing Root WebApplicationContext: startup date [Wed Nov 18 14:12:46 EET 2015]; root of context hierarchy
[INFO] 2015-11-18 14:15:00,106 org.springframework.web.context.ContextLoader initWebApplicationContext - Root WebApplicationContext: initialization started
[INFO] 2015-11-18 14:15:00,214 org.springframework.web.context.support.XmlWebApplicationContext prepareRefresh - Refreshing Root WebApplicationContext: startup date [Wed Nov 18 14:15:00 EET 2015]; root of context hierarchy
[INFO] 2015-11-18 14:15:00,262 org.springframework.beans.factory.xml.XmlBeanDefinitionReader loadBeanDefinitions - Loading XML bean definitions from ServletContext resource [/WEB-INF/spring/root-context.xml]
[INFO] 2015-11-18 14:15:00,326 org.springframework.web.context.ContextLoader initWebApplicationContext - Root WebApplicationContext: initialization completed in 217 ms
[INFO] 2015-11-18 14:15:00,373 org.springframework.web.servlet.DispatcherServlet initServletBean - FrameworkServlet 'appServlet': initialization started
[INFO] 2015-11-18 14:15:00,377 org.springframework.web.context.support.XmlWebApplicationContext prepareRefresh - Refreshing WebApplicationContext for namespace 'appServlet-servlet': startup date [Wed Nov 18 14:15:00 EET 2015]; parent: Root WebApplicationContext
[INFO] 2015-11-18 14:15:00,378 org.springframework.beans.factory.xml.XmlBeanDefinitionReader loadBeanDefinitions - Loading XML bean definitions from ServletContext resource [/WEB-INF/spring/appServlet/servlet-context.xml]
[INFO] 2015-11-18 14:15:00,812 org.springframework.beans.factory.annotation.AutowiredAnnotationBeanPostProcessor <init> - JSR-330 'javax.inject.Inject' annotation found and supported for autowiring
[INFO] 2015-11-18 14:15:01,045 org.springframework.web.servlet.mvc.method.annotation.RequestMappingHandlerMapping registerHandlerMethod - Mapped "{[/delite_user_tweet],methods=[GET],params=[],headers=[],consumes=[],produces=[],custom=[]}" onto public java.lang.String com.endava.twitt.AdminController.deleteMyTweet(org.springframework.ui.Model,javax.servlet.http.HttpSession,java.lang.Integer,java.lang.String,java.lang.String)
[INFO] 2015-11-18 14:15:01,045 org.springframework.web.servlet.mvc.method.annotation.RequestMappingHandlerMapping registerHandlerMethod - Mapped "{[/userstweet_admin],methods=[GET],params=[],headers=[],consumes=[],produces=[],custom=[]}" onto public org.springframework.web.servlet.ModelAndView com.endava.twitt.AdminController.viweTweetOfUser(javax.servlet.http.HttpSession,java.lang.String)
[INFO] 2015-11-18 14:15:01,045 org.springframework.web.servlet.mvc.method.annotation.RequestMappingHandlerMapping registerHandlerMethod - Mapped "{[/delite_user],methods=[GET],params=[],headers=[],consumes=[],produces=[],custom=[]}" onto public java.lang.String com.endava.twitt.AdminController.deliteUser(javax.servlet.http.HttpSession,java.lang.String)
[INFO] 2015-11-18 14:15:01,045 org.springframework.web.servlet.mvc.method.annotation.RequestMappingHandlerMapping registerHandlerMethod - Mapped "{[/admin],methods=[GET],params=[],headers=[],consumes=[],produces=[],custom=[]}" onto public java.lang.String com.endava.twitt.AdminController.admin(javax.servlet.http.HttpSession,org.springframework.ui.Model)
[INFO] 2015-11-18 14:15:01,046 org.springframework.web.servlet.mvc.method.annotation.RequestMappingHandlerMapping registerHandlerMethod - Mapped "{[/personTweetsAdmin],methods=[GET],params=[],headers=[],consumes=[],produces=[],custom=[]}" onto public java.lang.String com.endava.twitt.AdminController.personMyTweet(org.springframework.ui.Model,javax.servlet.http.HttpSession)
[INFO] 2015-11-18 14:15:01,049 org.springframework.web.servlet.mvc.method.annotation.RequestMappingHandlerMapping registerHandlerMethod - Mapped "{[/home],methods=[GET],params=[],headers=[],consumes=[],produces=[],custom=[]}" onto public java.lang.String com.endava.twitt.LoginController.home(javax.servlet.http.HttpSession,org.springframework.ui.Model)
[INFO] 2015-11-18 14:15:01,050 org.springframework.web.servlet.mvc.method.annotation.RequestMappingHandlerMapping registerHandlerMethod - Mapped "{[/logout],methods=[GET],params=[],headers=[],consumes=[],produces=[],custom=[]}" onto public java.lang.String com.endava.twitt.LoginController.logout(javax.servlet.http.HttpSession)
[INFO] 2015-11-18 14:15:01,050 org.springframework.web.servlet.mvc.method.annotation.RequestMappingHandlerMapping registerHandlerMethod - Mapped "{[/login],methods=[GET],params=[],headers=[],consumes=[],produces=[],custom=[]}" onto public java.lang.String com.endava.twitt.LoginController.loginShowForm()
[INFO] 2015-11-18 14:15:01,050 org.springframework.web.servlet.mvc.method.annotation.RequestMappingHandlerMapping registerHandlerMethod - Mapped "{[/login],methods=[POST],params=[],headers=[],consumes=[],produces=[],custom=[]}" onto public java.lang.String com.endava.twitt.LoginController.verifyLogin(java.lang.String,java.lang.String,javax.servlet.http.HttpSession,org.springframework.ui.Model)
[INFO] 2015-11-18 14:15:01,050 org.springframework.web.servlet.mvc.method.annotation.RequestMappingHandlerMapping registerHandlerMethod - Mapped "{[/loginTest],methods=[POST],params=[],headers=[],consumes=[],produces=[],custom=[]}" onto public java.lang.String com.endava.twitt.LoginController.loginTest()
[INFO] 2015-11-18 14:15:01,051 org.springframework.web.servlet.mvc.method.annotation.RequestMappingHandlerMapping registerHandlerMethod - Mapped "{[/paginateTweets],methods=[GET],params=[],headers=[],consumes=[],produces=[],custom=[]}" onto public java.lang.String com.endava.twitt.LoginController.paginating(javax.servlet.http.HttpSession,java.lang.Integer,java.lang.Integer,java.lang.String,java.lang.String,org.springframework.ui.Model)
[INFO] 2015-11-18 14:15:01,053 org.springframework.web.servlet.mvc.method.annotation.RequestMappingHandlerMapping registerHandlerMethod - Mapped "{[/personTweets],methods=[GET],params=[],headers=[],consumes=[],produces=[],custom=[]}" onto public java.lang.String com.endava.twitt.TweetsController.ListOfUsersTweets(org.springframework.ui.Model,javax.servlet.http.HttpSession)
[INFO] 2015-11-18 14:15:01,054 org.springframework.web.servlet.mvc.method.annotation.RequestMappingHandlerMapping registerHandlerMethod - Mapped "{[/deletemytweet],methods=[GET],params=[],headers=[],consumes=[],produces=[],custom=[]}" onto public java.lang.String com.endava.twitt.TweetsController.deleteMyTweet(org.springframework.ui.Model,javax.servlet.http.HttpSession,java.lang.Integer,java.lang.String,java.lang.String)
[INFO] 2015-11-18 14:15:01,054 org.springframework.web.servlet.mvc.method.annotation.RequestMappingHandlerMapping registerHandlerMethod - Mapped "{[/userstweet],methods=[GET],params=[],headers=[],consumes=[],produces=[],custom=[]}" onto public org.springframework.web.servlet.ModelAndView com.endava.twitt.TweetsController.viweTweetOfUser(javax.servlet.http.HttpSession,java.lang.String)
[INFO] 2015-11-18 14:15:01,054 org.springframework.web.servlet.mvc.method.annotation.RequestMappingHandlerMapping registerHandlerMethod - Mapped "{[/saveUpdatedTweet],methods=[POST],params=[],headers=[],consumes=[],produces=[],custom=[]}" onto public java.lang.String com.endava.twitt.TweetsController.saveEditedTweet(org.springframework.ui.Model,javax.servlet.http.HttpSession,java.lang.Integer,java.lang.String,java.lang.String)
[INFO] 2015-11-18 14:15:01,054 org.springframework.web.servlet.mvc.method.annotation.RequestMappingHandlerMapping registerHandlerMethod - Mapped "{[/tweets],methods=[POST],params=[],headers=[],consumes=[],produces=[],custom=[]}" onto public java.lang.String com.endava.twitt.TweetsController.addTweet(java.lang.String,java.lang.String,javax.servlet.http.HttpSession,org.springframework.ui.Model)
[INFO] 2015-11-18 14:15:01,055 org.springframework.web.servlet.mvc.method.annotation.RequestMappingHandlerMapping registerHandlerMethod - Mapped "{[/paginateTweetsUser],methods=[GET],params=[],headers=[],consumes=[],produces=[],custom=[]}" onto public java.lang.String com.endava.twitt.TweetsController.paginating(javax.servlet.http.HttpSession,java.lang.Integer,java.lang.Integer,java.lang.String,java.lang.String,org.springframework.ui.Model)
[INFO] 2015-11-18 14:15:01,055 org.springframework.web.servlet.mvc.method.annotation.RequestMappingHandlerMapping registerHandlerMethod - Mapped "{[/editmytweet],methods=[GET],params=[],headers=[],consumes=[],produces=[],custom=[]}" onto public java.lang.String com.endava.twitt.TweetsController.editTweet(org.springframework.ui.Model,javax.servlet.http.HttpSession,java.lang.String,java.lang.Integer)
[INFO] 2015-11-18 14:15:01,055 org.springframework.web.servlet.mvc.method.annotation.RequestMappingHandlerMapping registerHandlerMethod - Mapped "{[/tweetsviwe],methods=[GET],params=[],headers=[],consumes=[],produces=[],custom=[]}" onto public java.lang.String com.endava.twitt.TweetsController.viweTweet(javax.servlet.http.HttpSession,org.springframework.ui.Model)
[INFO] 2015-11-18 14:15:01,058 org.springframework.web.servlet.mvc.method.annotation.RequestMappingHandlerMapping registerHandlerMethod - Mapped "{[/changeProfile],methods=[],params=[],headers=[],consumes=[],produces=[],custom=[]}" onto public java.lang.String com.endava.twitt.UserController.changeUserProfile(com.endava.twitt.models.User,org.springframework.validation.BindingResult,javax.servlet.http.HttpSession,org.springframework.ui.Model)
[INFO] 2015-11-18 14:15:01,058 org.springframework.web.servlet.mvc.method.annotation.RequestMappingHandlerMapping registerHandlerMethod - Mapped "{[/delete],methods=[],params=[],headers=[],consumes=[],produces=[],custom=[]}" onto public java.lang.String com.endava.twitt.UserController.deleteUser(java.lang.String,javax.servlet.http.HttpSession)
[INFO] 2015-11-18 14:15:01,058 org.springframework.web.servlet.mvc.method.annotation.RequestMappingHandlerMapping registerHandlerMethod - Mapped "{[/editUserProfile],methods=[],params=[],headers=[],consumes=[],produces=[],custom=[]}" onto public java.lang.String com.endava.twitt.UserController.editUserProfile(java.lang.String,javax.servlet.http.HttpSession)
[INFO] 2015-11-18 14:15:01,058 org.springframework.web.servlet.mvc.method.annotation.RequestMappingHandlerMapping registerHandlerMethod - Mapped "{[/deletefollowed],methods=[GET],params=[],headers=[],consumes=[],produces=[],custom=[]}" onto public java.lang.String com.endava.twitt.UserController.deletefollowed(org.springframework.ui.Model,javax.servlet.http.HttpSession,java.lang.Integer,java.lang.String,java.lang.String)
[INFO] 2015-11-18 14:15:01,059 org.springframework.web.servlet.mvc.method.annotation.RequestMappingHandlerMapping registerHandlerMethod - Mapped "{[/followedusers],methods=[GET],params=[],headers=[],consumes=[],produces=[],custom=[]}" onto public java.lang.String com.endava.twitt.UserController.viewFollowees(javax.servlet.http.HttpSession,org.springframework.ui.Model)
[INFO] 2015-11-18 14:15:01,059 org.springframework.web.servlet.mvc.method.annotation.RequestMappingHandlerMapping registerHandlerMethod - Mapped "{[/signup],methods=[POST],params=[],headers=[],consumes=[],produces=[],custom=[]}" onto public java.lang.String com.endava.twitt.UserController.addUser(com.endava.twitt.models.User,org.springframework.validation.BindingResult,org.springframework.ui.Model)
[INFO] 2015-11-18 14:15:01,059 org.springframework.web.servlet.mvc.method.annotation.RequestMappingHandlerMapping registerHandlerMethod - Mapped "{[/users],methods=[GET],params=[],headers=[],consumes=[],produces=[],custom=[]}" onto public java.lang.String com.endava.twitt.UserController.listUsers(javax.servlet.http.HttpSession,org.springframework.ui.Model)
[INFO] 2015-11-18 14:15:01,059 org.springframework.web.servlet.mvc.method.annotation.RequestMappingHandlerMapping registerHandlerMethod - Mapped "{[/follow],methods=[],params=[],headers=[],consumes=[],produces=[],custom=[]}" onto public java.lang.String com.endava.twitt.UserController.followUser(java.lang.String,java.lang.String,javax.servlet.http.HttpSession,org.springframework.ui.Model)
[INFO] 2015-11-18 14:15:01,060 org.springframework.web.servlet.mvc.method.annotation.RequestMappingHandlerMapping registerHandlerMethod - Mapped "{[/],methods=[GET],params=[],headers=[],consumes=[],produces=[],custom=[]}" onto public java.lang.String com.endava.twitt.WebController.index(javax.servlet.http.HttpSession)
[INFO] 2015-11-18 14:15:01,061 org.springframework.web.servlet.mvc.method.annotation.RequestMappingHandlerMapping registerHandlerMethod - Mapped "{[/error_page],methods=[POST],params=[],headers=[],consumes=[],produces=[],custom=[]}" onto public java.lang.String com.endava.twitt.WebController.errorPagePost(javax.servlet.http.HttpSession)
[INFO] 2015-11-18 14:15:01,061 org.springframework.web.servlet.mvc.method.annotation.RequestMappingHandlerMapping registerHandlerMethod - Mapped "{[/restUsers],methods=[GET],params=[],headers=[],consumes=[],produces=[],custom=[]}" onto public java.lang.String com.endava.twitt.WebController.createRestUser()
[INFO] 2015-11-18 14:15:01,061 org.springframework.web.servlet.mvc.method.annotation.RequestMappingHandlerMapping registerHandlerMethod - Mapped "{[/error_page],methods=[GET],params=[],headers=[],consumes=[],produces=[],custom=[]}" onto public java.lang.String com.endava.twitt.WebController.errorPageGet(javax.servlet.http.HttpSession)
[INFO] 2015-11-18 14:15:01,065 org.springframework.web.servlet.mvc.method.annotation.RequestMappingHandlerMapping registerHandlerMethod - Mapped "{[/userapi/create],methods=[POST],params=[],headers=[],consumes=[],produces=[],custom=[]}" onto public org.springframework.http.ResponseEntity<java.lang.Void> RestWebServices.UserRestController.createUsers(com.endava.twitt.models.User,org.springframework.validation.BindingResult,org.springframework.web.util.UriComponentsBuilder)
[INFO] 2015-11-18 14:15:01,066 org.springframework.web.servlet.mvc.method.annotation.RequestMappingHandlerMapping registerHandlerMethod - Mapped "{[/userapi],methods=[GET],params=[],headers=[],consumes=[],produces=[],custom=[]}" onto public org.springframework.http.ResponseEntity<java.util.List<com.endava.twitt.models.User>> RestWebServices.UserRestController.listAllUsers()
[INFO] 2015-11-18 14:15:01,066 org.springframework.web.servlet.mvc.method.annotation.RequestMappingHandlerMapping registerHandlerMethod - Mapped "{[/userapi],methods=[POST],params=[],headers=[],consumes=[],produces=[],custom=[]}" onto public org.springframework.http.ResponseEntity<com.endava.twitt.models.User> RestWebServices.UserRestController.updateUsers(java.lang.Integer,java.lang.String,java.lang.String,java.lang.String,java.lang.String,java.lang.String)
[INFO] 2015-11-18 14:15:01,066 org.springframework.web.servlet.mvc.method.annotation.RequestMappingHandlerMapping registerHandlerMethod - Mapped "{[/userapi],methods=[DELETE],params=[],headers=[],consumes=[],produces=[],custom=[]}" onto public org.springframework.http.ResponseEntity<com.endava.twitt.models.User> RestWebServices.UserRestController.deleteUsers(java.lang.Integer,java.lang.String,java.lang.String,java.lang.String,java.lang.String,java.lang.String)
[INFO] 2015-11-18 14:15:01,067 org.springframework.web.servlet.mvc.method.annotation.RequestMappingHandlerMapping registerHandlerMethod - Mapped "{[/userapi/{id}],methods=[GET],params=[],headers=[],consumes=[],produces=[],custom=[]}" onto public org.springframework.http.ResponseEntity<com.endava.twitt.models.User> RestWebServices.UserRestController.listUsers(java.lang.Integer)
[INFO] 2015-11-18 14:15:01,114 org.hibernate.validator.internal.util.Version <clinit> - HV000001: Hibernate Validator 4.3.2.Final
[INFO] 2015-11-18 14:15:01,660 org.springframework.web.servlet.handler.SimpleUrlHandlerMapping registerHandler - Mapped URL path [/resources/**] onto handler 'org.springframework.web.servlet.resource.ResourceHttpRequestHandler#0'
[INFO] 2015-11-18 14:15:01,708 org.springframework.jdbc.datasource.DriverManagerDataSource setDriverClassName - Loaded JDBC driver: com.mysql.jdbc.Driver
[INFO] 2015-11-18 14:15:01,927 org.hibernate.annotations.common.Version <clinit> - HCANN000001: Hibernate Commons Annotations {4.0.4.Final}
[INFO] 2015-11-18 14:15:01,937 org.hibernate.Version logVersion - HHH000412: Hibernate Core {4.3.11.Final}
[INFO] 2015-11-18 14:15:01,941 org.hibernate.cfg.Environment <clinit> - HHH000206: hibernate.properties not found
[INFO] 2015-11-18 14:15:01,943 org.hibernate.cfg.Environment buildBytecodeProvider - HHH000021: Bytecode provider name : javassist
[INFO] 2015-11-18 14:15:02,405 org.hibernate.dialect.Dialect <init> - HHH000400: Using dialect: org.hibernate.dialect.MySQLDialect
[INFO] 2015-11-18 14:15:02,421 org.hibernate.engine.jdbc.internal.LobCreatorBuilder useContextualLobCreation - HHH000423: Disabling contextual LOB creation as JDBC driver reported JDBC version [3] less than 4
[INFO] 2015-11-18 14:15:02,703 org.hibernate.engine.transaction.internal.TransactionFactoryInitiator initiateService - HHH000399: Using default transaction strategy (direct JDBC transactions)
[INFO] 2015-11-18 14:15:02,713 org.hibernate.hql.internal.ast.ASTQueryTranslatorFactory <init> - HHH000397: Using ASTQueryTranslatorFactory
[INFO] 2015-11-18 14:15:03,435 com.endava.twitt.models.TestConnectionToDB <init> - Successful Connection to Database with name Test.
[INFO] 2015-11-18 14:15:03,477 org.springframework.orm.hibernate4.HibernateTransactionManager afterPropertiesSet - Using DataSource [org.springframework.jdbc.datasource.DriverManagerDataSource@54a91e2] of Hibernate SessionFactory for HibernateTransactionManager
[INFO] 2015-11-18 14:15:03,507 org.springframework.web.servlet.DispatcherServlet initServletBean - FrameworkServlet 'appServlet': initialization completed in 3134 ms
[INFO] 2015-11-18 14:15:36,811 org.springframework.web.context.support.XmlWebApplicationContext doClose - Closing WebApplicationContext for namespace 'appServlet-servlet': startup date [Wed Nov 18 14:15:00 EET 2015]; parent: Root WebApplicationContext
[INFO] 2015-11-18 14:15:36,839 org.springframework.web.context.support.XmlWebApplicationContext doClose - Closing Root WebApplicationContext: startup date [Wed Nov 18 14:15:00 EET 2015]; root of context hierarchy
[INFO] 2015-11-18 14:15:41,582 org.springframework.web.context.ContextLoader initWebApplicationContext - Root WebApplicationContext: initialization started
[INFO] 2015-11-18 14:15:41,729 org.springframework.web.context.support.XmlWebApplicationContext prepareRefresh - Refreshing Root WebApplicationContext: startup date [Wed Nov 18 14:15:41 EET 2015]; root of context hierarchy
[INFO] 2015-11-18 14:15:41,788 org.springframework.beans.factory.xml.XmlBeanDefinitionReader loadBeanDefinitions - Loading XML bean definitions from ServletContext resource [/WEB-INF/spring/root-context.xml]
[INFO] 2015-11-18 14:15:41,906 org.springframework.web.context.ContextLoader initWebApplicationContext - Root WebApplicationContext: initialization completed in 320 ms
[INFO] 2015-11-18 14:15:41,974 org.springframework.web.servlet.DispatcherServlet initServletBean - FrameworkServlet 'appServlet': initialization started
[INFO] 2015-11-18 14:15:41,979 org.springframework.web.context.support.XmlWebApplicationContext prepareRefresh - Refreshing WebApplicationContext for namespace 'appServlet-servlet': startup date [Wed Nov 18 14:15:41 EET 2015]; parent: Root WebApplicationContext
[INFO] 2015-11-18 14:15:41,980 org.springframework.beans.factory.xml.XmlBeanDefinitionReader loadBeanDefinitions - Loading XML bean definitions from ServletContext resource [/WEB-INF/spring/appServlet/servlet-context.xml]
[INFO] 2015-11-18 14:15:42,600 org.springframework.beans.factory.annotation.AutowiredAnnotationBeanPostProcessor <init> - JSR-330 'javax.inject.Inject' annotation found and supported for autowiring
[INFO] 2015-11-18 14:15:42,864 org.springframework.web.servlet.mvc.method.annotation.RequestMappingHandlerMapping registerHandlerMethod - Mapped "{[/personTweetsAdmin],methods=[GET],params=[],headers=[],consumes=[],produces=[],custom=[]}" onto public java.lang.String com.endava.twitt.AdminController.personMyTweet(org.springframework.ui.Model,javax.servlet.http.HttpSession)
[INFO] 2015-11-18 14:15:42,865 org.springframework.web.servlet.mvc.method.annotation.RequestMappingHandlerMapping registerHandlerMethod - Mapped "{[/delite_user_tweet],methods=[GET],params=[],headers=[],consumes=[],produces=[],custom=[]}" onto public java.lang.String com.endava.twitt.AdminController.deleteMyTweet(org.springframework.ui.Model,javax.servlet.http.HttpSession,java.lang.Integer,java.lang.String,java.lang.String)
[INFO] 2015-11-18 14:15:42,865 org.springframework.web.servlet.mvc.method.annotation.RequestMappingHandlerMapping registerHandlerMethod - Mapped "{[/delite_user],methods=[GET],params=[],headers=[],consumes=[],produces=[],custom=[]}" onto public java.lang.String com.endava.twitt.AdminController.deliteUser(javax.servlet.http.HttpSession,java.lang.String)
[INFO] 2015-11-18 14:15:42,865 org.springframework.web.servlet.mvc.method.annotation.RequestMappingHandlerMapping registerHandlerMethod - Mapped "{[/userstweet_admin],methods=[GET],params=[],headers=[],consumes=[],produces=[],custom=[]}" onto public org.springframework.web.servlet.ModelAndView com.endava.twitt.AdminController.viweTweetOfUser(javax.servlet.http.HttpSession,java.lang.String)
[INFO] 2015-11-18 14:15:42,866 org.springframework.web.servlet.mvc.method.annotation.RequestMappingHandlerMapping registerHandlerMethod - Mapped "{[/admin],methods=[GET],params=[],headers=[],consumes=[],produces=[],custom=[]}" onto public java.lang.String com.endava.twitt.AdminController.admin(javax.servlet.http.HttpSession,org.springframework.ui.Model)
[INFO] 2015-11-18 14:15:42,870 org.springframework.web.servlet.mvc.method.annotation.RequestMappingHandlerMapping registerHandlerMethod - Mapped "{[/home],methods=[GET],params=[],headers=[],consumes=[],produces=[],custom=[]}" onto public java.lang.String com.endava.twitt.LoginController.home(javax.servlet.http.HttpSession,org.springframework.ui.Model)
[INFO] 2015-11-18 14:15:42,870 org.springframework.web.servlet.mvc.method.annotation.RequestMappingHandlerMapping registerHandlerMethod - Mapped "{[/logout],methods=[GET],params=[],headers=[],consumes=[],produces=[],custom=[]}" onto public java.lang.String com.endava.twitt.LoginController.logout(javax.servlet.http.HttpSession)
[INFO] 2015-11-18 14:15:42,871 org.springframework.web.servlet.mvc.method.annotation.RequestMappingHandlerMapping registerHandlerMethod - Mapped "{[/login],methods=[POST],params=[],headers=[],consumes=[],produces=[],custom=[]}" onto public java.lang.String com.endava.twitt.LoginController.verifyLogin(java.lang.String,java.lang.String,javax.servlet.http.HttpSession,org.springframework.ui.Model)
[INFO] 2015-11-18 14:15:42,871 org.springframework.web.servlet.mvc.method.annotation.RequestMappingHandlerMapping registerHandlerMethod - Mapped "{[/loginTest],methods=[POST],params=[],headers=[],consumes=[],produces=[],custom=[]}" onto public java.lang.String com.endava.twitt.LoginController.loginTest()
[INFO] 2015-11-18 14:15:42,871 org.springframework.web.servlet.mvc.method.annotation.RequestMappingHandlerMapping registerHandlerMethod - Mapped "{[/login],methods=[GET],params=[],headers=[],consumes=[],produces=[],custom=[]}" onto public java.lang.String com.endava.twitt.LoginController.loginShowForm()
[INFO] 2015-11-18 14:15:42,872 org.springframework.web.servlet.mvc.method.annotation.RequestMappingHandlerMapping registerHandlerMethod - Mapped "{[/paginateTweets],methods=[GET],params=[],headers=[],consumes=[],produces=[],custom=[]}" onto public java.lang.String com.endava.twitt.LoginController.paginating(javax.servlet.http.HttpSession,java.lang.Integer,java.lang.Integer,java.lang.String,java.lang.String,org.springframework.ui.Model)
[INFO] 2015-11-18 14:15:42,876 org.springframework.web.servlet.mvc.method.annotation.RequestMappingHandlerMapping registerHandlerMethod - Mapped "{[/deletemytweet],methods=[GET],params=[],headers=[],consumes=[],produces=[],custom=[]}" onto public java.lang.String com.endava.twitt.TweetsController.deleteMyTweet(org.springframework.ui.Model,javax.servlet.http.HttpSession,java.lang.Integer,java.lang.String,java.lang.String)
[INFO] 2015-11-18 14:15:42,876 org.springframework.web.servlet.mvc.method.annotation.RequestMappingHandlerMapping registerHandlerMethod - Mapped "{[/paginateTweetsUser],methods=[GET],params=[],headers=[],consumes=[],produces=[],custom=[]}" onto public java.lang.String com.endava.twitt.TweetsController.paginating(javax.servlet.http.HttpSession,java.lang.Integer,java.lang.Integer,java.lang.String,java.lang.String,org.springframework.ui.Model)
[INFO] 2015-11-18 14:15:42,877 org.springframework.web.servlet.mvc.method.annotation.RequestMappingHandlerMapping registerHandlerMethod - Mapped "{[/tweets],methods=[POST],params=[],headers=[],consumes=[],produces=[],custom=[]}" onto public java.lang.String com.endava.twitt.TweetsController.addTweet(java.lang.String,java.lang.String,javax.servlet.http.HttpSession,org.springframework.ui.Model)
[INFO] 2015-11-18 14:15:42,877 org.springframework.web.servlet.mvc.method.annotation.RequestMappingHandlerMapping registerHandlerMethod - Mapped "{[/tweetsviwe],methods=[GET],params=[],headers=[],consumes=[],produces=[],custom=[]}" onto public java.lang.String com.endava.twitt.TweetsController.viweTweet(javax.servlet.http.HttpSession,org.springframework.ui.Model)
[INFO] 2015-11-18 14:15:42,878 org.springframework.web.servlet.mvc.method.annotation.RequestMappingHandlerMapping registerHandlerMethod - Mapped "{[/saveUpdatedTweet],methods=[POST],params=[],headers=[],consumes=[],produces=[],custom=[]}" onto public java.lang.String com.endava.twitt.TweetsController.saveEditedTweet(org.springframework.ui.Model,javax.servlet.http.HttpSession,java.lang.Integer,java.lang.String,java.lang.String)
[INFO] 2015-11-18 14:15:42,878 org.springframework.web.servlet.mvc.method.annotation.RequestMappingHandlerMapping registerHandlerMethod - Mapped "{[/editmytweet],methods=[GET],params=[],headers=[],consumes=[],produces=[],custom=[]}" onto public java.lang.String com.endava.twitt.TweetsController.editTweet(org.springframework.ui.Model,javax.servlet.http.HttpSession,java.lang.String,java.lang.Integer)
[INFO] 2015-11-18 14:15:42,878 org.springframework.web.servlet.mvc.method.annotation.RequestMappingHandlerMapping registerHandlerMethod - Mapped "{[/userstweet],methods=[GET],params=[],headers=[],consumes=[],produces=[],custom=[]}" onto public org.springframework.web.servlet.ModelAndView com.endava.twitt.TweetsController.viweTweetOfUser(javax.servlet.http.HttpSession,java.lang.String)
[INFO] 2015-11-18 14:15:42,879 org.springframework.web.servlet.mvc.method.annotation.RequestMappingHandlerMapping registerHandlerMethod - Mapped "{[/personTweets],methods=[GET],params=[],headers=[],consumes=[],produces=[],custom=[]}" onto public java.lang.String com.endava.twitt.TweetsController.ListOfUsersTweets(org.springframework.ui.Model,javax.servlet.http.HttpSession)
[INFO] 2015-11-18 14:15:42,882 org.springframework.web.servlet.mvc.method.annotation.RequestMappingHandlerMapping registerHandlerMethod - Mapped "{[/delete],methods=[],params=[],headers=[],consumes=[],produces=[],custom=[]}" onto public java.lang.String com.endava.twitt.UserController.deleteUser(java.lang.String,javax.servlet.http.HttpSession)
[INFO] 2015-11-18 14:15:42,882 org.springframework.web.servlet.mvc.method.annotation.RequestMappingHandlerMapping registerHandlerMethod - Mapped "{[/follow],methods=[],params=[],headers=[],consumes=[],produces=[],custom=[]}" onto public java.lang.String com.endava.twitt.UserController.followUser(java.lang.String,java.lang.String,javax.servlet.http.HttpSession,org.springframework.ui.Model)
[INFO] 2015-11-18 14:15:42,883 org.springframework.web.servlet.mvc.method.annotation.RequestMappingHandlerMapping registerHandlerMethod - Mapped "{[/users],methods=[GET],params=[],headers=[],consumes=[],produces=[],custom=[]}" onto public java.lang.String com.endava.twitt.UserController.listUsers(javax.servlet.http.HttpSession,org.springframework.ui.Model)
[INFO] 2015-11-18 14:15:42,883 org.springframework.web.servlet.mvc.method.annotation.RequestMappingHandlerMapping registerHandlerMethod - Mapped "{[/deletefollowed],methods=[GET],params=[],headers=[],consumes=[],produces=[],custom=[]}" onto public java.lang.String com.endava.twitt.UserController.deletefollowed(org.springframework.ui.Model,javax.servlet.http.HttpSession,java.lang.Integer,java.lang.String,java.lang.String)
[INFO] 2015-11-18 14:15:42,883 org.springframework.web.servlet.mvc.method.annotation.RequestMappingHandlerMapping registerHandlerMethod - Mapped "{[/followedusers],methods=[GET],params=[],headers=[],consumes=[],produces=[],custom=[]}" onto public java.lang.String com.endava.twitt.UserController.viewFollowees(javax.servlet.http.HttpSession,org.springframework.ui.Model)
[INFO] 2015-11-18 14:15:42,884 org.springframework.web.servlet.mvc.method.annotation.RequestMappingHandlerMapping registerHandlerMethod - Mapped "{[/editUserProfile],methods=[],params=[],headers=[],consumes=[],produces=[],custom=[]}" onto public java.lang.String com.endava.twitt.UserController.editUserProfile(java.lang.String,javax.servlet.http.HttpSession)
[INFO] 2015-11-18 14:15:42,884 org.springframework.web.servlet.mvc.method.annotation.RequestMappingHandlerMapping registerHandlerMethod - Mapped "{[/signup],methods=[POST],params=[],headers=[],consumes=[],produces=[],custom=[]}" onto public java.lang.String com.endava.twitt.UserController.addUser(com.endava.twitt.models.User,org.springframework.validation.BindingResult,org.springframework.ui.Model)
[INFO] 2015-11-18 14:15:42,884 org.springframework.web.servlet.mvc.method.annotation.RequestMappingHandlerMapping registerHandlerMethod - Mapped "{[/changeProfile],methods=[],params=[],headers=[],consumes=[],produces=[],custom=[]}" onto public java.lang.String com.endava.twitt.UserController.changeUserProfile(com.endava.twitt.models.User,org.springframework.validation.BindingResult,javax.servlet.http.HttpSession,org.springframework.ui.Model)
[INFO] 2015-11-18 14:15:42,885 org.springframework.web.servlet.mvc.method.annotation.RequestMappingHandlerMapping registerHandlerMethod - Mapped "{[/],methods=[GET],params=[],headers=[],consumes=[],produces=[],custom=[]}" onto public java.lang.String com.endava.twitt.WebController.index(javax.servlet.http.HttpSession)
[INFO] 2015-11-18 14:15:42,886 org.springframework.web.servlet.mvc.method.annotation.RequestMappingHandlerMapping registerHandlerMethod - Mapped "{[/error_page],methods=[POST],params=[],headers=[],consumes=[],produces=[],custom=[]}" onto public java.lang.String com.endava.twitt.WebController.errorPagePost(javax.servlet.http.HttpSession)
[INFO] 2015-11-18 14:15:42,886 org.springframework.web.servlet.mvc.method.annotation.RequestMappingHandlerMapping registerHandlerMethod - Mapped "{[/error_page],methods=[GET],params=[],headers=[],consumes=[],produces=[],custom=[]}" onto public java.lang.String com.endava.twitt.WebController.errorPageGet(javax.servlet.http.HttpSession)
[INFO] 2015-11-18 14:15:42,886 org.springframework.web.servlet.mvc.method.annotation.RequestMappingHandlerMapping registerHandlerMethod - Mapped "{[/restUsers],methods=[GET],params=[],headers=[],consumes=[],produces=[],custom=[]}" onto public java.lang.String com.endava.twitt.WebController.createRestUser()
[INFO] 2015-11-18 14:15:42,891 org.springframework.web.servlet.mvc.method.annotation.RequestMappingHandlerMapping registerHandlerMethod - Mapped "{[/userapi],methods=[POST],params=[],headers=[],consumes=[],produces=[],custom=[]}" onto public org.springframework.http.ResponseEntity<com.endava.twitt.models.User> RestWebServices.UserRestController.updateUsers(java.lang.Integer,java.lang.String,java.lang.String,java.lang.String,java.lang.String,java.lang.String)
[INFO] 2015-11-18 14:15:42,892 org.springframework.web.servlet.mvc.method.annotation.RequestMappingHandlerMapping registerHandlerMethod - Mapped "{[/userapi/{id}],methods=[GET],params=[],headers=[],consumes=[],produces=[],custom=[]}" onto public org.springframework.http.ResponseEntity<com.endava.twitt.models.User> RestWebServices.UserRestController.listUsers(java.lang.Integer)
[INFO] 2015-11-18 14:15:42,892 org.springframework.web.servlet.mvc.method.annotation.RequestMappingHandlerMapping registerHandlerMethod - Mapped "{[/userapi],methods=[GET],params=[],headers=[],consumes=[],produces=[],custom=[]}" onto public org.springframework.http.ResponseEntity<java.util.List<com.endava.twitt.models.User>> RestWebServices.UserRestController.listAllUsers()
[INFO] 2015-11-18 14:15:42,892 org.springframework.web.servlet.mvc.method.annotation.RequestMappingHandlerMapping registerHandlerMethod - Mapped "{[/userapi],methods=[DELETE],params=[],headers=[],consumes=[],produces=[],custom=[]}" onto public org.springframework.http.ResponseEntity<com.endava.twitt.models.User> RestWebServices.UserRestController.deleteUsers(java.lang.Integer,java.lang.String,java.lang.String,java.lang.String,java.lang.String,java.lang.String)
[INFO] 2015-11-18 14:15:42,893 org.springframework.web.servlet.mvc.method.annotation.RequestMappingHandlerMapping registerHandlerMethod - Mapped "{[/userapi/create],methods=[POST],params=[],headers=[],consumes=[],produces=[],custom=[]}" onto public org.springframework.http.ResponseEntity<java.lang.Void> RestWebServices.UserRestController.createUsers(com.endava.twitt.models.User,org.springframework.validation.BindingResult,org.springframework.web.util.UriComponentsBuilder)
[INFO] 2015-11-18 14:15:42,940 org.hibernate.validator.internal.util.Version <clinit> - HV000001: Hibernate Validator 4.3.2.Final
[INFO] 2015-11-18 14:15:43,572 org.springframework.web.servlet.handler.SimpleUrlHandlerMapping registerHandler - Mapped URL path [/resources/**] onto handler 'org.springframework.web.servlet.resource.ResourceHttpRequestHandler#0'
[INFO] 2015-11-18 14:15:43,628 org.springframework.jdbc.datasource.DriverManagerDataSource setDriverClassName - Loaded JDBC driver: com.mysql.jdbc.Driver
[INFO] 2015-11-18 14:15:43,850 org.hibernate.annotations.common.Version <clinit> - HCANN000001: Hibernate Commons Annotations {4.0.4.Final}
[INFO] 2015-11-18 14:15:43,861 org.hibernate.Version logVersion - HHH000412: Hibernate Core {4.3.11.Final}
[INFO] 2015-11-18 14:15:43,865 org.hibernate.cfg.Environment <clinit> - HHH000206: hibernate.properties not found
[INFO] 2015-11-18 14:15:43,868 org.hibernate.cfg.Environment buildBytecodeProvider - HHH000021: Bytecode provider name : javassist
[INFO] 2015-11-18 14:15:44,383 org.hibernate.dialect.Dialect <init> - HHH000400: Using dialect: org.hibernate.dialect.MySQLDialect
[INFO] 2015-11-18 14:15:44,402 org.hibernate.engine.jdbc.internal.LobCreatorBuilder useContextualLobCreation - HHH000423: Disabling contextual LOB creation as JDBC driver reported JDBC version [3] less than 4
[INFO] 2015-11-18 14:15:44,798 org.hibernate.engine.transaction.internal.TransactionFactoryInitiator initiateService - HHH000399: Using default transaction strategy (direct JDBC transactions)
[INFO] 2015-11-18 14:15:44,811 org.hibernate.hql.internal.ast.ASTQueryTranslatorFactory <init> - HHH000397: Using ASTQueryTranslatorFactory
[INFO] 2015-11-18 14:15:45,708 com.endava.twitt.models.TestConnectionToDB <init> - Successful Connection to Database with name Test.
[INFO] 2015-11-18 14:15:45,746 org.springframework.orm.hibernate4.HibernateTransactionManager afterPropertiesSet - Using DataSource [org.springframework.jdbc.datasource.DriverManagerDataSource@2178fe66] of Hibernate SessionFactory for HibernateTransactionManager
[INFO] 2015-11-18 14:15:45,770 org.springframework.web.servlet.DispatcherServlet initServletBean - FrameworkServlet 'appServlet': initialization completed in 3796 ms
[INFO] 2015-11-18 14:15:52,492 com.endava.twitt.WebController index - Session false redirecting to login URL WebController class.
[WARN] 2015-11-18 14:16:10,003 org.springframework.web.servlet.PageNotFound noHandlerFound - No mapping found for HTTP request with URI [/twitt/scripts.js] in DispatcherServlet with name 'appServlet'
[WARN] 2015-11-18 14:16:17,556 org.springframework.web.servlet.PageNotFound noHandlerFound - No mapping found for HTTP request with URI [/twitt/scripts.js] in DispatcherServlet with name 'appServlet'
[ERROR] 2015-11-18 14:16:23,896 com.endava.twitt.dao.TweetImplement deleteUser - Try to delete tweet: com.endava.twitt.models.Tweets@60c6429f
[WARN] 2015-11-18 14:16:24,071 org.springframework.web.servlet.PageNotFound noHandlerFound - No mapping found for HTTP request with URI [/twitt/scripts.js] in DispatcherServlet with name 'appServlet'
[INFO] 2015-11-18 14:16:28,826 com.endava.twitt.dao.FollowDaoImplement insertFollow - Follow saved successfully, Follow Details=com.endava.twitt.models.Follow@101dbc0b
[INFO] 2015-11-18 14:16:29,487 com.endava.twitt.dao.FollowDaoImplement getFollowByUser - user Follow List:com.endava.twitt.models.Follow@cee54ad
[INFO] 2015-11-18 14:16:29,533 com.endava.twitt.dao.FollowDaoImplement insertFollow - Follow saved successfully, Follow Details=com.endava.twitt.models.Follow@7db60310
[INFO] 2015-11-18 14:16:30,318 com.endava.twitt.dao.FollowDaoImplement getFollowByUser - user Follow List:com.endava.twitt.models.Follow@76276944
[INFO] 2015-11-18 14:16:30,319 com.endava.twitt.dao.FollowDaoImplement getFollowByUser - user Follow List:com.endava.twitt.models.Follow@6e3cc1e9
[INFO] 2015-11-18 14:16:30,341 com.endava.twitt.dao.FollowDaoImplement insertFollow - Follow saved successfully, Follow Details=com.endava.twitt.models.Follow@1d98b03e
[INFO] 2015-11-18 14:16:31,103 com.endava.twitt.dao.FollowDaoImplement getFollowByUser - user Follow List:com.endava.twitt.models.Follow@2aeb98c
[INFO] 2015-11-18 14:16:31,104 com.endava.twitt.dao.FollowDaoImplement getFollowByUser - user Follow List:com.endava.twitt.models.Follow@3ec98aca
[INFO] 2015-11-18 14:16:31,104 com.endava.twitt.dao.FollowDaoImplement getFollowByUser - user Follow List:com.endava.twitt.models.Follow@1ed015bb
[INFO] 2015-11-18 14:16:31,138 com.endava.twitt.dao.FollowDaoImplement insertFollow - Follow saved successfully, Follow Details=com.endava.twitt.models.Follow@4d200b4d
[INFO] 2015-11-18 14:16:31,537 com.endava.twitt.dao.FollowDaoImplement getFollowByUser - user Follow List:com.endava.twitt.models.Follow@508b1818
[INFO] 2015-11-18 14:16:31,537 com.endava.twitt.dao.FollowDaoImplement getFollowByUser - user Follow List:com.endava.twitt.models.Follow@2cc1a62b
[INFO] 2015-11-18 14:16:31,537 com.endava.twitt.dao.FollowDaoImplement getFollowByUser - user Follow List:com.endava.twitt.models.Follow@1979bcd6
[INFO] 2015-11-18 14:16:31,538 com.endava.twitt.dao.FollowDaoImplement getFollowByUser - user Follow List:com.endava.twitt.models.Follow@474e4661
[INFO] 2015-11-18 14:16:31,572 com.endava.twitt.dao.FollowDaoImplement insertFollow - Follow saved successfully, Follow Details=com.endava.twitt.models.Follow@3427ad19
[INFO] 2015-11-18 14:16:33,313 com.endava.twitt.dao.FollowDaoImplement getFollowByUser - user Follow List:com.endava.twitt.models.Follow@28091860
[INFO] 2015-11-18 14:16:33,314 com.endava.twitt.dao.FollowDaoImplement getFollowByUser - user Follow List:com.endava.twitt.models.Follow@75f8b8e6
[INFO] 2015-11-18 14:16:33,314 com.endava.twitt.dao.FollowDaoImplement getFollowByUser - user Follow List:com.endava.twitt.models.Follow@66c93022
[INFO] 2015-11-18 14:16:33,314 com.endava.twitt.dao.FollowDaoImplement getFollowByUser - user Follow List:com.endava.twitt.models.Follow@219016c7
[INFO] 2015-11-18 14:16:33,314 com.endava.twitt.dao.FollowDaoImplement getFollowByUser - user Follow List:com.endava.twitt.models.Follow@71357fc4
[INFO] 2015-11-18 14:16:41,028 com.endava.twitt.dao.FollowDaoImplement deleteUserFollow - Try to delete one user's follow
[INFO] 2015-11-18 14:16:41,028 com.endava.twitt.dao.FollowDaoImplement deleteUserFollow - Followed user deleted successfully, Follow Details=user
[INFO] 2015-11-18 14:16:41,119 com.endava.twitt.dao.FollowDaoImplement getFollowByUser - user Follow List:com.endava.twitt.models.Follow@56590ef5
[INFO] 2015-11-18 14:16:41,119 com.endava.twitt.dao.FollowDaoImplement getFollowByUser - user Follow List:com.endava.twitt.models.Follow@62e43986
[INFO] 2015-11-18 14:16:41,119 com.endava.twitt.dao.FollowDaoImplement getFollowByUser - user Follow List:com.endava.twitt.models.Follow@673acf1c
[INFO] 2015-11-18 14:16:41,119 com.endava.twitt.dao.FollowDaoImplement getFollowByUser - user Follow List:com.endava.twitt.models.Follow@175dd166
[WARN] 2015-11-18 14:16:49,086 org.springframework.web.servlet.PageNotFound noHandlerFound - No mapping found for HTTP request with URI [/twitt/scripts.js] in DispatcherServlet with name 'appServlet'
[INFO] 2015-11-18 14:16:50,290 com.endava.twitt.LoginController logout - User log out succesfully
